  OpenCVApplication.cpp
C:\Users\Vlad\Documents\FACULTA\AN3\SEM2\1. PROIECT_PI\TrafficSignDetection\TSD\OpenCVApplication.cpp(57,37): warning C4244: 'argument': conversion from '_Tp' to 'int', possible loss of data
C:\Users\Vlad\Documents\FACULTA\AN3\SEM2\1. PROIECT_PI\TrafficSignDetection\TSD\OpenCVApplication.cpp(57,37): warning C4244:         with
C:\Users\Vlad\Documents\FACULTA\AN3\SEM2\1. PROIECT_PI\TrafficSignDetection\TSD\OpenCVApplication.cpp(57,37): warning C4244:         [
C:\Users\Vlad\Documents\FACULTA\AN3\SEM2\1. PROIECT_PI\TrafficSignDetection\TSD\OpenCVApplication.cpp(57,37): warning C4244:             _Tp=double
C:\Users\Vlad\Documents\FACULTA\AN3\SEM2\1. PROIECT_PI\TrafficSignDetection\TSD\OpenCVApplication.cpp(57,37): warning C4244:         ]
  (compiling source file '/OpenCVApplication.cpp')
  
C:\Users\Vlad\Documents\FACULTA\AN3\SEM2\1. PROIECT_PI\TrafficSignDetection\TSD\OpenCVApplication.cpp(57,28): warning C4244: 'argument': conversion from '_Tp' to 'int', possible loss of data
C:\Users\Vlad\Documents\FACULTA\AN3\SEM2\1. PROIECT_PI\TrafficSignDetection\TSD\OpenCVApplication.cpp(57,28): warning C4244:         with
C:\Users\Vlad\Documents\FACULTA\AN3\SEM2\1. PROIECT_PI\TrafficSignDetection\TSD\OpenCVApplication.cpp(57,28): warning C4244:         [
C:\Users\Vlad\Documents\FACULTA\AN3\SEM2\1. PROIECT_PI\TrafficSignDetection\TSD\OpenCVApplication.cpp(57,28): warning C4244:             _Tp=double
C:\Users\Vlad\Documents\FACULTA\AN3\SEM2\1. PROIECT_PI\TrafficSignDetection\TSD\OpenCVApplication.cpp(57,28): warning C4244:         ]
  (compiling source file '/OpenCVApplication.cpp')
  
C:\Users\Vlad\Documents\FACULTA\AN3\SEM2\1. PROIECT_PI\TrafficSignDetection\TSD\OpenCVApplication.cpp(57,72): warning C4244: 'argument': conversion from '_Tp' to 'int', possible loss of data
C:\Users\Vlad\Documents\FACULTA\AN3\SEM2\1. PROIECT_PI\TrafficSignDetection\TSD\OpenCVApplication.cpp(57,72): warning C4244:         with
C:\Users\Vlad\Documents\FACULTA\AN3\SEM2\1. PROIECT_PI\TrafficSignDetection\TSD\OpenCVApplication.cpp(57,72): warning C4244:         [
C:\Users\Vlad\Documents\FACULTA\AN3\SEM2\1. PROIECT_PI\TrafficSignDetection\TSD\OpenCVApplication.cpp(57,72): warning C4244:             _Tp=double
C:\Users\Vlad\Documents\FACULTA\AN3\SEM2\1. PROIECT_PI\TrafficSignDetection\TSD\OpenCVApplication.cpp(57,72): warning C4244:         ]
  (compiling source file '/OpenCVApplication.cpp')
  
C:\Users\Vlad\Documents\FACULTA\AN3\SEM2\1. PROIECT_PI\TrafficSignDetection\TSD\OpenCVApplication.cpp(57,63): warning C4244: 'argument': conversion from '_Tp' to 'int', possible loss of data
C:\Users\Vlad\Documents\FACULTA\AN3\SEM2\1. PROIECT_PI\TrafficSignDetection\TSD\OpenCVApplication.cpp(57,63): warning C4244:         with
C:\Users\Vlad\Documents\FACULTA\AN3\SEM2\1. PROIECT_PI\TrafficSignDetection\TSD\OpenCVApplication.cpp(57,63): warning C4244:         [
C:\Users\Vlad\Documents\FACULTA\AN3\SEM2\1. PROIECT_PI\TrafficSignDetection\TSD\OpenCVApplication.cpp(57,63): warning C4244:             _Tp=double
C:\Users\Vlad\Documents\FACULTA\AN3\SEM2\1. PROIECT_PI\TrafficSignDetection\TSD\OpenCVApplication.cpp(57,63): warning C4244:         ]
  (compiling source file '/OpenCVApplication.cpp')
  
C:\Users\Vlad\Documents\FACULTA\AN3\SEM2\1. PROIECT_PI\TrafficSignDetection\TSD\OpenCVApplication.cpp(88,17): warning C4244: 'argument': conversion from '_Tp' to 'int', possible loss of data
C:\Users\Vlad\Documents\FACULTA\AN3\SEM2\1. PROIECT_PI\TrafficSignDetection\TSD\OpenCVApplication.cpp(88,17): warning C4244:         with
C:\Users\Vlad\Documents\FACULTA\AN3\SEM2\1. PROIECT_PI\TrafficSignDetection\TSD\OpenCVApplication.cpp(88,17): warning C4244:         [
C:\Users\Vlad\Documents\FACULTA\AN3\SEM2\1. PROIECT_PI\TrafficSignDetection\TSD\OpenCVApplication.cpp(88,17): warning C4244:             _Tp=double
C:\Users\Vlad\Documents\FACULTA\AN3\SEM2\1. PROIECT_PI\TrafficSignDetection\TSD\OpenCVApplication.cpp(88,17): warning C4244:         ]
  (compiling source file '/OpenCVApplication.cpp')
  
C:\Users\Vlad\Documents\FACULTA\AN3\SEM2\1. PROIECT_PI\TrafficSignDetection\TSD\OpenCVApplication.cpp(87,30): warning C4244: 'argument': conversion from '_Tp' to 'int', possible loss of data
C:\Users\Vlad\Documents\FACULTA\AN3\SEM2\1. PROIECT_PI\TrafficSignDetection\TSD\OpenCVApplication.cpp(87,30): warning C4244:         with
C:\Users\Vlad\Documents\FACULTA\AN3\SEM2\1. PROIECT_PI\TrafficSignDetection\TSD\OpenCVApplication.cpp(87,30): warning C4244:         [
C:\Users\Vlad\Documents\FACULTA\AN3\SEM2\1. PROIECT_PI\TrafficSignDetection\TSD\OpenCVApplication.cpp(87,30): warning C4244:             _Tp=double
C:\Users\Vlad\Documents\FACULTA\AN3\SEM2\1. PROIECT_PI\TrafficSignDetection\TSD\OpenCVApplication.cpp(87,30): warning C4244:         ]
  (compiling source file '/OpenCVApplication.cpp')
  
C:\Users\Vlad\Documents\FACULTA\AN3\SEM2\1. PROIECT_PI\TrafficSignDetection\TSD\OpenCVApplication.cpp(102,18): warning C4305: 'initializing': truncation from 'int' to 'uchar'
  (compiling source file '/OpenCVApplication.cpp')
  
C:\Users\Vlad\Documents\FACULTA\AN3\SEM2\1. PROIECT_PI\TrafficSignDetection\TSD\OpenCVApplication.cpp(102,20): warning C4309: 'initializing': truncation of constant value
  (compiling source file '/OpenCVApplication.cpp')
  
C:\Users\Vlad\Documents\FACULTA\AN3\SEM2\1. PROIECT_PI\TrafficSignDetection\TSD\OpenCVApplication.cpp(115,38): warning C4244: '=': conversion from 'double' to 'int', possible loss of data
  (compiling source file '/OpenCVApplication.cpp')
  
C:\Users\Vlad\Documents\FACULTA\AN3\SEM2\1. PROIECT_PI\TrafficSignDetection\TSD\OpenCVApplication.cpp(181,21): warning C4267: 'initializing': conversion from 'size_t' to 'int', possible loss of data
  (compiling source file '/OpenCVApplication.cpp')
  
C:\Users\Vlad\Documents\FACULTA\AN3\SEM2\1. PROIECT_PI\TrafficSignDetection\TSD\OpenCVApplication.cpp(216,6): warning C4101: 'op': unreferenced local variable
  (compiling source file '/OpenCVApplication.cpp')
  
  OpenCVApplication.vcxproj -> C:\Users\Vlad\Documents\FACULTA\AN3\SEM2\1. PROIECT_PI\TrafficSignDetection\TSD\x64\Debug\OpenCVApplication.exe
  OpenCV\dll\Debug\opencv_ffmpeg340_64.dll
  OpenCV\dll\Debug\opencv_world340d.dll
          2 file(s) copied.
